  main.cpp
c:\users\dap\documents\visual studio 2015\projects\dappy\dappy-core\src/graphics/window.h(2): fatal error C1083: Cannot open include file: 'GL\glew.h': No such file or directory
  BatchRenderer2D.cpp
c:\users\dap\documents\visual studio 2015\projects\dappy\dappy-core\src\graphics\renderer2d.h(3): fatal error C1083: Cannot open include file: 'GL\glew.h': No such file or directory
  buffer.cpp
c:\users\dap\documents\visual studio 2015\projects\dappy\dappy-core\src\graphics\buffers\buffer.h(2): fatal error C1083: Cannot open include file: 'GL\glew.h': No such file or directory
  indexbuffer.cpp
c:\users\dap\documents\visual studio 2015\projects\dappy\dappy-core\src\graphics\buffers\indexbuffer.h(2): fatal error C1083: Cannot open include file: 'GL\glew.h': No such file or directory
  vertexarray.cpp
c:\users\dap\documents\visual studio 2015\projects\dappy\dappy-core\src\graphics\buffers\vertexarray.h(2): fatal error C1083: Cannot open include file: 'GL\glew.h': No such file or directory
  simple2Drenderer.cpp
c:\users\dap\documents\visual studio 2015\projects\dappy\dappy-core\src\graphics\renderer2d.h(3): fatal error C1083: Cannot open include file: 'GL\glew.h': No such file or directory
  sprite.cpp
c:\users\dap\documents\visual studio 2015\projects\dappy\dappy-core\src\graphics\../shader/shader.h(2): fatal error C1083: Cannot open include file: 'GL\glew.h': No such file or directory
  static_sprite.cpp
c:\users\dap\documents\visual studio 2015\projects\dappy\dappy-core\src\graphics\../shader/shader.h(2): fatal error C1083: Cannot open include file: 'GL\glew.h': No such file or directory
  window.cpp
c:\users\dap\documents\visual studio 2015\projects\dappy\dappy-core\src\graphics\window.h(2): fatal error C1083: Cannot open include file: 'GL\glew.h': No such file or directory
  mat4.cpp
  vec2.cpp
  vec3.cpp
  vec4.cpp
  shader.cpp
c:\users\dap\documents\visual studio 2015\projects\dappy\dappy-core\src\shader\shader.h(2): fatal error C1083: Cannot open include file: 'GL\glew.h': No such file or directory
